app/build/intermediates/manifest_merge_blame_file/debug/manifest-merger-blame-debug-report.txt
1<?xml version="1.0" encoding="utf-8"?>
2<manifest xmlns:android="http://schemas.android.com/apk/res/android"
3    package="com.example.myapplication"
4    android:versionCode="1"
5    android:versionName="1.0" >
6
7    <uses-sdk
8        android:minSdkVersion="23"
8-->src/main/AndroidManifest.xml
9        android:targetSdkVersion="30" />
9-->src/main/AndroidManifest.xml
10
11    <uses-permission android:name="android.permission.RECEIVE_BOOT_COMPLETED" />
11-->src/main/AndroidManifest.xml:5:5-81
11-->src/main/AndroidManifest.xml:5:22-78
12
13    <!-- si problemes avec la bdd (voir dans Run), essayer de changer la valeur de android:allowBackup -->
14    <application
14-->src/main/AndroidManifest.xml:7:5-46:19
15        android:allowBackup="true"
15-->src/main/AndroidManifest.xml:8:9-35
16        android:appComponentFactory="androidx.core.app.CoreComponentFactory"
16-->[androidx.core:core:1.3.1] AndroidManifest.xml:24:18-86
17        android:debuggable="true"
18        android:extractNativeLibs="false"
19        android:icon="@mipmap/ic_iconnn"
19-->src/main/AndroidManifest.xml:9:9-41
20        android:label="@string/app_name"
20-->src/main/AndroidManifest.xml:10:9-41
21        android:roundIcon="@mipmap/ic_iconnn"
21-->src/main/AndroidManifest.xml:11:9-46
22        android:supportsRtl="true"
22-->src/main/AndroidManifest.xml:12:9-35
23        android:testOnly="true"
24        android:theme="@style/Theme.MyApplication" >
24-->src/main/AndroidManifest.xml:13:9-51
25        <activity android:name="com.example.todoapp.TutoSplashActivity" >
25-->src/main/AndroidManifest.xml:14:9-15:21
25-->src/main/AndroidManifest.xml:14:19-53
26        >
27        </activity>
28        <activity android:name="com.example.todoapp.MainActivity3" />
28-->src/main/AndroidManifest.xml:16:9-51
28-->src/main/AndroidManifest.xml:16:19-48
29        <activity android:name="com.example.todoapp.MessageActivity" />
29-->src/main/AndroidManifest.xml:17:9-53
29-->src/main/AndroidManifest.xml:17:19-50
30        <activity android:name="com.example.todoapp.AlarmActivity" />
30-->src/main/AndroidManifest.xml:18:9-51
30-->src/main/AndroidManifest.xml:18:19-48
31        <activity
31-->src/main/AndroidManifest.xml:19:9-21:52
32            android:name="com.example.todoapp.MainActivity"
32-->src/main/AndroidManifest.xml:20:13-41
33            android:label="Listes et catégories" />
33-->src/main/AndroidManifest.xml:21:13-49
34        <activity
34-->src/main/AndroidManifest.xml:22:9-24:53
35            android:name="com.example.todoapp.MainActivity2"
35-->src/main/AndroidManifest.xml:23:13-42
36            android:label="Rappels personnalisés" />
36-->src/main/AndroidManifest.xml:24:13-50
37        <activity
37-->src/main/AndroidManifest.xml:25:9-27:41
38            android:name="com.example.todoapp.Dashboard"
38-->src/main/AndroidManifest.xml:26:13-38
39            android:label="Dashboard" />
39-->src/main/AndroidManifest.xml:27:13-38
40        <activity android:name="com.example.todoapp.SplashActivity" >
40-->src/main/AndroidManifest.xml:28:9-34:20
40-->src/main/AndroidManifest.xml:28:19-49
41            <intent-filter>
41-->src/main/AndroidManifest.xml:29:13-33:29
42                <action android:name="android.intent.action.MAIN" />
42-->src/main/AndroidManifest.xml:30:17-69
42-->src/main/AndroidManifest.xml:30:25-66
43
44                <category android:name="android.intent.category.LAUNCHER" />
44-->src/main/AndroidManifest.xml:32:17-77
44-->src/main/AndroidManifest.xml:32:27-74
45            </intent-filter>
46        </activity>
47
48        <receiver
48-->src/main/AndroidManifest.xml:36:9-45:20
49            android:name="com.example.todoapp.AlertReceiver"
49-->src/main/AndroidManifest.xml:37:13-42
50            android:enabled="true"
50-->src/main/AndroidManifest.xml:38:13-35
51            android:label="BootReceiver" >
51-->src/main/AndroidManifest.xml:39:13-41
52            <intent-filter>
52-->src/main/AndroidManifest.xml:40:13-44:29
53                <action android:name="android.intent.action.BOOT_COMPLETED" />
53-->src/main/AndroidManifest.xml:41:17-79
53-->src/main/AndroidManifest.xml:41:25-76
54
55                <category android:name="android.intent.category.DEFAULT" />
55-->src/main/AndroidManifest.xml:43:17-76
55-->src/main/AndroidManifest.xml:43:27-73
56            </intent-filter>
57        </receiver>
58
59        <service
59-->[androidx.room:room-runtime:2.2.6] AndroidManifest.xml:25:9-28:40
60            android:name="androidx.room.MultiInstanceInvalidationService"
60-->[androidx.room:room-runtime:2.2.6] AndroidManifest.xml:26:13-74
61            android:directBootAware="true"
61-->[androidx.room:room-runtime:2.2.6] AndroidManifest.xml:27:13-43
62            android:exported="false" />
62-->[androidx.room:room-runtime:2.2.6] AndroidManifest.xml:28:13-37
63    </application>
64
65</manifest>